This is pdfTeX, Version 3.14159265-2.6-1.40.20 (TeX Live 2019/Debian) (preloaded format=pdflatex 2021.3.30)  13 OCT 2021 15:40
entering extended mode
 restricted \write18 enabled.
 %&-line parsing enabled.
**refman
(./refman.tex
LaTeX2e <2020-02-02> patch level 2
L3 programming layer <2020-02-14>
(/usr/share/texlive/texmf-dist/tex/latex/base/book.cls
Document Class: book 2019/12/20 v1.4l Standard LaTeX document class
(/usr/share/texlive/texmf-dist/tex/latex/base/bk10.clo
File: bk10.clo 2019/12/20 v1.4l Standard LaTeX file (size option)
)
\c@part=\count167
\c@chapter=\count168
\c@section=\count169
\c@subsection=\count170
\c@subsubsection=\count171
\c@paragraph=\count172
\c@subparagraph=\count173
\c@figure=\count174
\c@table=\count175
\abovecaptionskip=\skip47
\belowcaptionskip=\skip48
\bibindent=\dimen134
)
(/usr/share/texlive/texmf-dist/tex/latex/base/ifthen.sty
Package: ifthen 2014/09/29 v1.1c Standard LaTeX ifthen package (DPC)
)
(/usr/share/texlive/texmf-dist/tex/latex/tools/array.sty
Rollback for package 'array' requested -> date 2016-10-06.
         Best approximation is the release introduced on 2016-10-06.

(/usr/share/texlive/texmf-dist/tex/latex/tools/array-2016-10-06.sty
Package: array 2016/10/06 v2.4d Tabular extension package (FMi)
\col@sep=\dimen135
\extrarowheight=\dimen136
\NC@list=\toks14
\extratabsurround=\skip49
\backup@length=\skip50
))
(/usr/share/texlive/texmf-dist/tex/latex/base/fixltx2e.sty
Package: fixltx2e 2016/12/29 v2.1a fixes to LaTeX (obsolete)
Applying: [2015/01/01] Old fixltx2e package on input line 46.


Package fixltx2e Warning: fixltx2e is not required with releases after 2015
(fixltx2e)                All fixes are now in the LaTeX kernel.
(fixltx2e)                See the latexrelease package for details.

Already applied: [0000/00/00] Old fixltx2e package on input line 53.
) (/usr/share/texlive/texmf-dist/tex/latex/tools/calc.sty
Package: calc 2017/05/25 v4.3 Infix arithmetic (KKT,FJ)
\calc@Acount=\count176
\calc@Bcount=\count177
\calc@Adimen=\dimen137
\calc@Bdimen=\dimen138
\calc@Askip=\skip51
\calc@Bskip=\skip52
LaTeX Info: Redefining \setlength on input line 80.
LaTeX Info: Redefining \addtolength on input line 81.
\calc@Ccount=\count178
\calc@Cskip=\skip53
) (./doxygen.sty
Package: doxygen 

(/usr/share/texlive/texmf-dist/tex/latex/base/alltt.sty
Package: alltt 1997/06/16 v2.0g defines alltt environment
)
(/usr/share/texlive/texmf-dist/tex/latex/float/float.sty
Package: float 2001/11/08 v1.3d Float enhancements (AL)
\c@float@type=\count179
\float@exts=\toks15
\float@box=\box45
\@float@everytoks=\toks16
\@floatcapt=\box46
)
(/usr/share/texlive/texmf-dist/tex/latex/tools/verbatim.sty
Package: verbatim 2019/11/10 v1.5r LaTeX2e package for verbatim enhancements
\every@verbatim=\toks17
\verbatim@line=\toks18
\verbatim@in@stream=\read2
)
(/usr/share/texlive/texmf-dist/tex/latex/xcolor/xcolor.sty
Package: xcolor 2016/05/11 v2.12 LaTeX color extensions (UK)

(/usr/share/texlive/texmf-dist/tex/latex/graphics-cfg/color.cfg
File: color.cfg 2016/01/02 v1.6 sample color configuration
)
Package xcolor Info: Driver file: pdftex.def on input line 225.

(/usr/share/texlive/texmf-dist/tex/latex/graphics-def/pdftex.def
File: pdftex.def 2018/01/08 v1.0l Graphics/color driver for pdftex
)
(/usr/share/texlive/texmf-dist/tex/latex/colortbl/colortbl.sty
Package: colortbl 2020/01/04 v1.0e Color table columns (DPC)
\everycr=\toks19
\minrowclearance=\skip54
)
\rownum=\count180
Package xcolor Info: Model `cmy' substituted by `cmy0' on input line 1348.
Package xcolor Info: Model `hsb' substituted by `rgb' on input line 1352.
Package xcolor Info: Model `RGB' extended on input line 1364.
Package xcolor Info: Model `HTML' substituted by `rgb' on input line 1366.
Package xcolor Info: Model `Hsb' substituted by `hsb' on input line 1367.
Package xcolor Info: Model `tHsb' substituted by `hsb' on input line 1368.
Package xcolor Info: Model `HSB' substituted by `hsb' on input line 1369.
Package xcolor Info: Model `Gray' substituted by `gray' on input line 1370.
Package xcolor Info: Model `wave' substituted by `hsb' on input line 1371.
)
(./longtable_doxygen.sty
Package: longtable_doxygen 2014/10/28 v4.11 Multi-page Table package (DPC) - fr
ozen version for doxygen
\LTleft=\skip55
\LTright=\skip56
\LTpre=\skip57
\LTpost=\skip58
\LTchunksize=\count181
\LTcapwidth=\dimen139
\LT@head=\box47
\LT@firsthead=\box48
\LT@foot=\box49
\LT@lastfoot=\box50
\LT@cols=\count182
\LT@rows=\count183
\c@LT@tables=\count184
\c@LT@chunks=\count185
\LT@p@ftn=\toks20
) (./tabu_doxygen.sty
Package: tabu_doxygen 2011/02/26 v2.8 - flexible LaTeX tabulars (FC), frozen ve
rsion for doxygen

(/usr/share/texlive/texmf-dist/tex/latex/varwidth/varwidth.sty
Package: varwidth 2009/03/30 ver 0.92;  Variable-width minipages
\@vwid@box=\box51
\sift@deathcycles=\count186
\@vwid@loff=\dimen140
\@vwid@roff=\dimen141
)
\c@taburow=\count187
\tabu@nbcols=\count188
\tabu@cnt=\count189
\tabu@Xcol=\count190
\tabu@alloc=\count191
\tabu@nested=\count192
\tabu@target=\dimen142
\tabu@spreadtarget=\dimen143
\tabu@naturalX=\dimen144
\tabucolX=\dimen145
\tabu@Xsum=\dimen146
\extrarowdepth=\dimen147
\abovetabulinesep=\dimen148
\belowtabulinesep=\dimen149
\tabustrutrule=\dimen150
\tabu@thebody=\toks21
\tabu@footnotes=\toks22
\tabu@box=\box52
\tabu@arstrutbox=\box53
\tabu@hleads=\box54
\tabu@vleads=\box55
\tabu@cellskip=\skip59
)
(/usr/share/texlive/texmf-dist/tex/latex/fancyvrb/fancyvrb.sty
Package: fancyvrb 2020/01/13 v3.5 verbatim text (tvz,hv)

(/usr/share/texlive/texmf-dist/tex/latex/graphics/keyval.sty
Package: keyval 2014/10/28 v1.15 key=value parser (DPC)
\KV@toks@=\toks23
)
\FV@CodeLineNo=\count193
\FV@InFile=\read3
\FV@TabBox=\box56
\c@FancyVerbLine=\count194
\FV@StepNumber=\count195
\FV@OutFile=\write3
)
(/usr/share/texlive/texmf-dist/tex/latex/tools/tabularx.sty
Package: tabularx 2020/01/15 v2.11c `tabularx' package (DPC)
\TX@col@width=\dimen151
\TX@old@table=\dimen152
\TX@old@col=\dimen153
\TX@target=\dimen154
\TX@delta=\dimen155
\TX@cols=\count196
\TX@ftn=\toks24
)
(/usr/share/texlive/texmf-dist/tex/latex/multirow/multirow.sty
Package: multirow 2019/05/31 v2.5 Span multiple rows of a table
\multirow@colwidth=\skip60
\multirow@cntb=\count197
\multirow@dima=\skip61
\bigstrutjot=\dimen156
)
(/usr/share/texlive/texmf-dist/tex/latex/hanging/hanging.sty
Package: hanging 2009/09/02 v1.2b hanging paragraphs and punctuation
\h@ngcommawd=\skip62
\h@ngfstopwd=\skip63
\h@ngquotewd=\skip64
\h@ngdquotewd=\skip65
\h@ngquerywd=\skip66
\h@ngexclwd=\skip67
\h@ngcolonwd=\skip68
\h@ngscolonwd=\skip69
)
(/usr/share/texlive/texmf-dist/tex/generic/iftex/ifpdf.sty
Package: ifpdf 2019/10/25 v3.4 ifpdf legacy package. Use iftex instead.

(/usr/share/texlive/texmf-dist/tex/generic/iftex/iftex.sty
Package: iftex 2019/11/07 v1.0c TeX engine tests
))
(/usr/share/texlive/texmf-dist/tex/latex/adjustbox/adjustbox.sty
Package: adjustbox 2019/01/04 v1.2 Adjusting TeX boxes (trim, clip, ...)

(/usr/share/texlive/texmf-dist/tex/latex/xkeyval/xkeyval.sty
Package: xkeyval 2014/12/03 v2.7a package option processing (HA)

(/usr/share/texlive/texmf-dist/tex/generic/xkeyval/xkeyval.tex
(/usr/share/texlive/texmf-dist/tex/generic/xkeyval/xkvutils.tex
\XKV@toks=\toks25
\XKV@tempa@toks=\toks26
)
\XKV@depth=\count198
File: xkeyval.tex 2014/12/03 v2.7a key=value parser (HA)
))
(/usr/share/texlive/texmf-dist/tex/latex/adjustbox/adjcalc.sty
Package: adjcalc 2012/05/16 v1.1 Provides advanced setlength with multiple back
-ends (calc, etex, pgfmath)
)
(/usr/share/texlive/texmf-dist/tex/latex/adjustbox/trimclip.sty
Package: trimclip 2018/04/08 v1.1 Trim and clip general TeX material

(/usr/share/texlive/texmf-dist/tex/latex/graphics/graphicx.sty
Package: graphicx 2019/11/30 v1.2a Enhanced LaTeX Graphics (DPC,SPQR)

(/usr/share/texlive/texmf-dist/tex/latex/graphics/graphics.sty
Package: graphics 2019/11/30 v1.4a Standard LaTeX Graphics (DPC,SPQR)

(/usr/share/texlive/texmf-dist/tex/latex/graphics/trig.sty
Package: trig 2016/01/03 v1.10 sin cos tan (DPC)
)
(/usr/share/texlive/texmf-dist/tex/latex/graphics-cfg/graphics.cfg
File: graphics.cfg 2016/06/04 v1.11 sample graphics configuration
)
Package graphics Info: Driver file: pdftex.def on input line 105.
)
\Gin@req@height=\dimen157
\Gin@req@width=\dimen158
)
(/usr/share/texlive/texmf-dist/tex/latex/collectbox/collectbox.sty
Package: collectbox 2012/05/17 v0.4b Collect macro arguments as boxes
\collectedbox=\box57
)
\tc@llx=\dimen159
\tc@lly=\dimen160
\tc@urx=\dimen161
\tc@ury=\dimen162
Package trimclip Info: Using driver 'tc-pdftex.def'.

(/usr/share/texlive/texmf-dist/tex/latex/adjustbox/tc-pdftex.def
File: tc-pdftex.def 2019/01/04 v2.2 Clipping driver for pdftex
))
\adjbox@Width=\dimen163
\adjbox@Height=\dimen164
\adjbox@Depth=\dimen165
\adjbox@Totalheight=\dimen166
\adjbox@pwidth=\dimen167
\adjbox@pheight=\dimen168
\adjbox@pdepth=\dimen169
\adjbox@ptotalheight=\dimen170

(/usr/share/texlive/texmf-dist/tex/latex/ifoddpage/ifoddpage.sty
Package: ifoddpage 2016/04/23 v1.1 Conditionals for odd/even page detection
\c@checkoddpage=\count199
))
(/usr/share/texlive/texmf-dist/tex/latex/amsfonts/amssymb.sty
Package: amssymb 2013/01/14 v3.01 AMS font symbols

(/usr/share/texlive/texmf-dist/tex/latex/amsfonts/amsfonts.sty
Package: amsfonts 2013/01/14 v3.01 Basic AMSFonts support
\@emptytoks=\toks27
\symAMSa=\mathgroup4
\symAMSb=\mathgroup5
LaTeX Font Info:    Redeclaring math symbol \hbar on input line 98.
LaTeX Font Info:    Overwriting math alphabet `\mathfrak' in version `bold'
(Font)                  U/euf/m/n --> U/euf/b/n on input line 106.
))
(/usr/share/texlive/texmf-dist/tex/latex/stackengine/stackengine.sty
Package: stackengine 2017/02/13 v4.01\ Stacking text and objects in convenient 
ways

(/usr/share/texlive/texmf-dist/tex/latex/etoolbox/etoolbox.sty
Package: etoolbox 2019/09/21 v2.5h e-TeX tools for LaTeX (JAW)
\etb@tempcnta=\count266
)
(/usr/share/texlive/texmf-dist/tex/generic/listofitems/listofitems.sty
(/usr/share/texlive/texmf-dist/tex/generic/listofitems/listofitems.tex
\loi_cnt_foreach_nest=\count267
\loi_nestcnt=\count268
)
Package: listofitems 2019/08/21 v1.63 Grab items in lists using user-specified 
sep char (CT)
)
\c@@stackindex=\count269
\@boxshift=\skip70
\stack@tmplength=\skip71
\temp@stkl=\skip72
\@stackedboxwidth=\skip73
\@addedbox=\box58
\@anchorbox=\box59
\stackedbox=\box60
\@centerbox=\box61
\c@ROWcellindex@=\count270
)
(/usr/share/texlive/texmf-dist/tex/generic/ulem/ulem.sty
\UL@box=\box62
\UL@hyphenbox=\box63
\UL@skip=\skip74
\UL@hook=\toks28
\UL@height=\dimen171
\UL@pe=\count271
\UL@pixel=\dimen172
\ULC@box=\box64
Package: ulem 2019/11/18
\ULdepth=\dimen173
)
\xrefbox=\box65
\xreflength=\skip75
\CodeWidthChar=\skip76
\CodeHeightChar=\skip77
\DoxyCodeWidth=\skip78
)
(/usr/share/texlive/texmf-dist/tex/latex/base/inputenc.sty
Package: inputenc 2018/08/11 v1.3c Input encoding file
\inpenc@prehook=\toks29
\inpenc@posthook=\toks30
)
(/usr/share/texlive/texmf-dist/tex/latex/base/makeidx.sty
Package: makeidx 2014/09/29 v1.0m Standard LaTeX package
)
(/usr/share/texlive/texmf-dist/tex/latex/tools/multicol.sty
Package: multicol 2019/12/09 v1.8y multicolumn formatting (FMi)
\c@tracingmulticols=\count272
\mult@box=\box66
\multicol@leftmargin=\dimen174
\c@unbalance=\count273
\c@collectmore=\count274
\doublecol@number=\count275
\multicoltolerance=\count276
\multicolpretolerance=\count277
\full@width=\dimen175
\page@free=\dimen176
\premulticols=\dimen177
\postmulticols=\dimen178
\multicolsep=\skip79
\multicolbaselineskip=\skip80
\partial@page=\box67
\last@line=\box68
\maxbalancingoverflow=\dimen179
\mult@rightbox=\box69
\mult@grightbox=\box70
\mult@gfirstbox=\box71
\mult@firstbox=\box72
\@tempa=\box73
\@tempa=\box74
\@tempa=\box75
\@tempa=\box76
\@tempa=\box77
\@tempa=\box78
\@tempa=\box79
\@tempa=\box80
\@tempa=\box81
\@tempa=\box82
\@tempa=\box83
\@tempa=\box84
\@tempa=\box85
\@tempa=\box86
\@tempa=\box87
\@tempa=\box88
\@tempa=\box89
\@tempa=\box90
\@tempa=\box91
\@tempa=\box92
\@tempa=\box93
\@tempa=\box94
\@tempa=\box95
\@tempa=\box96
\@tempa=\box97
\@tempa=\box98
\@tempa=\box99
\@tempa=\box100
\@tempa=\box101
\@tempa=\box102
\@tempa=\box103
\@tempa=\box104
\@tempa=\box105
\@tempa=\box106
\@tempa=\box107
\@tempa=\box108
\@tempa=\box109
\c@minrows=\count278
\c@columnbadness=\count279
\c@finalcolumnbadness=\count280
\last@try=\dimen180
\multicolovershoot=\dimen181
\multicolundershoot=\dimen182
\mult@nat@firstbox=\box110
\colbreak@box=\box111
\mc@col@check@num=\count281
)
(/usr/share/texlive/texmf-dist/tex/latex/base/textcomp.sty
Package: textcomp 2020/02/02 v2.0n Standard LaTeX package
)
(/usr/share/texlive/texmf-dist/tex/latex/wasysym/wasysym.sty
Package: wasysym 2020/01/19 v2.4 Wasy-2 symbol support package
\symwasy=\mathgroup6
LaTeX Font Info:    Overwriting symbol font `wasy' in version `bold'
(Font)                  U/wasy/m/n --> U/wasy/b/n on input line 93.
)
(/usr/share/texlive/texmf-dist/tex/generic/iftex/ifxetex.sty
Package: ifxetex 2019/10/25 v0.7 ifxetex legacy package. Use iftex instead.
)
(/usr/share/texlive/texmf-dist/tex/latex/base/fontenc.sty
Package: fontenc 2020/02/11 v2.0o Standard LaTeX package
)
(/usr/share/texlive/texmf-dist/tex/latex/psnfss/helvet.sty
Package: helvet 2005/04/12 PSNFSS-v9.2a (WaS) 
)
(/usr/share/texlive/texmf-dist/tex/latex/psnfss/courier.sty
Package: courier 2005/04/12 PSNFSS-v9.2a (WaS) 
)
(/usr/share/texlive/texmf-dist/tex/latex/sectsty/sectsty.sty
Package: sectsty 2002/02/25 v2.0.2 Commands to change all sectional heading sty
les


LaTeX Warning: Command \underbar  has changed.
               Check if current package is valid.


LaTeX Warning: Command \underline  has changed.
               Check if current package is valid.

) (/usr/share/texlive/texmf-dist/tex/latex/geometry/geometry.sty
Package: geometry 2020/01/02 v5.9 Page Geometry

(/usr/share/texlive/texmf-dist/tex/generic/iftex/ifvtex.sty
Package: ifvtex 2019/10/25 v1.7 ifvtex legacy package. Use iftex instead.
)
\Gm@cnth=\count282
\Gm@cntv=\count283
\c@Gm@tempcnt=\count284
\Gm@bindingoffset=\dimen183
\Gm@wd@mp=\dimen184
\Gm@odd@mp=\dimen185
\Gm@even@mp=\dimen186
\Gm@layoutwidth=\dimen187
\Gm@layoutheight=\dimen188
\Gm@layouthoffset=\dimen189
\Gm@layoutvoffset=\dimen190
\Gm@dimlist=\toks31
)
(/usr/share/texlive/texmf-dist/tex/latex/fancyhdr/fancyhdr.sty
Package: fancyhdr 2019/01/31 v3.10 Extensive control of page headers and footer
s
\f@nch@headwidth=\skip81
\f@nch@O@elh=\skip82
\f@nch@O@erh=\skip83
\f@nch@O@olh=\skip84
\f@nch@O@orh=\skip85
\f@nch@O@elf=\skip86
\f@nch@O@erf=\skip87
\f@nch@O@olf=\skip88
\f@nch@O@orf=\skip89
)
(/usr/share/texlive/texmf-dist/tex/latex/natbib/natbib.sty
Package: natbib 2010/09/13 8.31b (PWD, AO)
\bibhang=\skip90
\bibsep=\skip91
LaTeX Info: Redefining \cite on input line 694.
\c@NAT@ctr=\count285
)
(/usr/share/texlive/texmf-dist/tex/latex/tocloft/tocloft.sty
Package: tocloft 2017/08/31 v2.3i parameterised ToC, etc., typesetting
Package tocloft Info: The document has chapter divisions on input line 51.
\cftparskip=\skip92
\cftbeforetoctitleskip=\skip93
\cftaftertoctitleskip=\skip94
\cftbeforepartskip=\skip95
\cftpartnumwidth=\skip96
\cftpartindent=\skip97
\cftbeforechapskip=\skip98
\cftchapindent=\skip99
\cftchapnumwidth=\skip100
\cftbeforesecskip=\skip101
\cftsecindent=\skip102
\cftsecnumwidth=\skip103
\cftbeforesubsecskip=\skip104
\cftsubsecindent=\skip105
\cftsubsecnumwidth=\skip106
\cftbeforesubsubsecskip=\skip107
\cftsubsubsecindent=\skip108
\cftsubsubsecnumwidth=\skip109
\cftbeforeparaskip=\skip110
\cftparaindent=\skip111
\cftparanumwidth=\skip112
\cftbeforesubparaskip=\skip113
\cftsubparaindent=\skip114
\cftsubparanumwidth=\skip115
\cftbeforeloftitleskip=\skip116
\cftafterloftitleskip=\skip117
\cftbeforefigskip=\skip118
\cftfigindent=\skip119
\cftfignumwidth=\skip120
\c@lofdepth=\count286
\c@lotdepth=\count287
\cftbeforelottitleskip=\skip121
\cftafterlottitleskip=\skip122
\cftbeforetabskip=\skip123
\cfttabindent=\skip124
\cfttabnumwidth=\skip125
)
\@indexfile=\write4
\openout4 = `refman.idx'.


Writing index file refman.idx
(/usr/share/texlive/texmf-dist/tex/latex/newunicodechar/newunicodechar.sty
Package: newunicodechar 2018/04/08 v1.2 Defining Unicode characters
)

Package newunicodechar Warning: Redefining Unicode character on input line 116.



Package newunicodechar Warning: Redefining Unicode character on input line 117.


(/usr/share/texlive/texmf-dist/tex/latex/hyperref/hyperref.sty
Package: hyperref 2020/01/14 v7.00d Hypertext links for LaTeX

(/usr/share/texlive/texmf-dist/tex/generic/ltxcmds/ltxcmds.sty
Package: ltxcmds 2019/12/15 v1.24 LaTeX kernel commands for general use (HO)
)
(/usr/share/texlive/texmf-dist/tex/latex/pdftexcmds/pdftexcmds.sty
Package: pdftexcmds 2019/11/24 v0.31 Utility functions of pdfTeX for LuaTeX (HO
)

(/usr/share/texlive/texmf-dist/tex/generic/infwarerr/infwarerr.sty
Package: infwarerr 2019/12/03 v1.5 Providing info/warning/error messages (HO)
)
Package pdftexcmds Info: \pdf@primitive is available.
Package pdftexcmds Info: \pdf@ifprimitive is available.
Package pdftexcmds Info: \pdfdraftmode found.
)
(/usr/share/texlive/texmf-dist/tex/generic/kvsetkeys/kvsetkeys.sty
Package: kvsetkeys 2019/12/15 v1.18 Key value parser (HO)
)
(/usr/share/texlive/texmf-dist/tex/generic/kvdefinekeys/kvdefinekeys.sty
Package: kvdefinekeys 2019-12-19 v1.6 Define keys (HO)
)
(/usr/share/texlive/texmf-dist/tex/generic/pdfescape/pdfescape.sty
Package: pdfescape 2019/12/09 v1.15 Implements pdfTeX's escape features (HO)
)
(/usr/share/texlive/texmf-dist/tex/latex/hycolor/hycolor.sty
Package: hycolor 2020-01-27 v1.10 Color options for hyperref/bookmark (HO)
)
(/usr/share/texlive/texmf-dist/tex/latex/letltxmacro/letltxmacro.sty
Package: letltxmacro 2019/12/03 v1.6 Let assignment for LaTeX macros (HO)
)
(/usr/share/texlive/texmf-dist/tex/latex/auxhook/auxhook.sty
Package: auxhook 2019-12-17 v1.6 Hooks for auxiliary files (HO)
)
(/usr/share/texlive/texmf-dist/tex/latex/kvoptions/kvoptions.sty
Package: kvoptions 2019/11/29 v3.13 Key value format for package options (HO)
)
\@linkdim=\dimen191
\Hy@linkcounter=\count288
\Hy@pagecounter=\count289

(/usr/share/texlive/texmf-dist/tex/latex/hyperref/pd1enc.def
File: pd1enc.def 2020/01/14 v7.00d Hyperref: PDFDocEncoding definition (HO)
Now handling font encoding PD1 ...
... no UTF-8 mapping file for font encoding PD1
)
(/usr/share/texlive/texmf-dist/tex/generic/intcalc/intcalc.sty
Package: intcalc 2019/12/15 v1.3 Expandable calculations with integers (HO)
)
(/usr/share/texlive/texmf-dist/tex/generic/etexcmds/etexcmds.sty
Package: etexcmds 2019/12/15 v1.7 Avoid name clashes with e-TeX commands (HO)
)
\Hy@SavedSpaceFactor=\count290
\pdfmajorversion=\count291
Package hyperref Info: Hyper figures OFF on input line 4547.
Package hyperref Info: Link nesting OFF on input line 4552.
Package hyperref Info: Hyper index ON on input line 4555.
Package hyperref Info: Plain pages OFF on input line 4562.
Package hyperref Info: Backreferencing ON on input line 4565.
Package hyperref Info: Implicit mode ON; LaTeX internals redefined.
Package hyperref Info: Bookmarks ON on input line 4800.

(/usr/share/texlive/texmf-dist/tex/latex/hyperref/backref.sty
Package: backref 2020/01/14 v1.40 Bibliographical back referencing

(/usr/share/texlive/texmf-dist/tex/latex/rerunfilecheck/rerunfilecheck.sty
Package: rerunfilecheck 2019/12/05 v1.9 Rerun checks for auxiliary files (HO)

(/usr/share/texlive/texmf-dist/tex/latex/atveryend/atveryend.sty
Package: atveryend 2019-12-11 v1.11 Hooks at the very end of document (HO)
)
(/usr/share/texlive/texmf-dist/tex/generic/uniquecounter/uniquecounter.sty
Package: uniquecounter 2019/12/15 v1.4 Provide unlimited unique counter (HO)

(/usr/share/texlive/texmf-dist/tex/generic/bigintcalc/bigintcalc.sty
Package: bigintcalc 2019/12/15 v1.5 Expandable calculations on big integers (HO
)
))
Package uniquecounter Info: New unique counter `rerunfilecheck' on input line 2
86.
))
\c@Hy@tempcnt=\count292

(/usr/share/texlive/texmf-dist/tex/latex/url/url.sty
\Urlmuskip=\muskip16
Package: url 2013/09/16  ver 3.4  Verb mode for urls, etc.
)
LaTeX Info: Redefining \url on input line 5159.
\XeTeXLinkMargin=\dimen192

(/usr/share/texlive/texmf-dist/tex/generic/bitset/bitset.sty
Package: bitset 2019/12/09 v1.3 Handle bit-vector datatype (HO)
)
\Fld@menulength=\count293
\Field@Width=\dimen193
\Fld@charsize=\dimen194
Package hyperref Info: Hyper figures OFF on input line 6430.
Package hyperref Info: Link nesting OFF on input line 6435.
Package hyperref Info: Hyper index ON on input line 6438.
Package hyperref Info: backreferencing ON on input line 6443.
Package hyperref Info: Link coloring OFF on input line 6450.
Package hyperref Info: Link coloring with OCG OFF on input line 6455.
Package hyperref Info: PDF/A mode OFF on input line 6460.
LaTeX Info: Redefining \ref on input line 6500.
LaTeX Info: Redefining \pageref on input line 6504.

(/usr/share/texlive/texmf-dist/tex/generic/atbegshi/atbegshi.sty
Package: atbegshi 2019/12/05 v1.19 At begin shipout hook (HO)
)
\Hy@abspage=\count294
\c@Item=\count295
\c@Hfootnote=\count296
)
Package hyperref Info: Driver: hpdftex.

(/usr/share/texlive/texmf-dist/tex/latex/hyperref/hpdftex.def
File: hpdftex.def 2020/01/14 v7.00d Hyperref driver for pdfTeX
\Fld@listcount=\count297
\c@bookmark@seq@number=\count298
\Hy@SectionHShift=\skip126
)
Package hyperref Info: Option `colorlinks' set `true' on input line 135.
Package hyperref Info: Option `unicode' set `true' on input line 135.

(/usr/share/texlive/texmf-dist/tex/latex/hyperref/puenc.def
File: puenc.def 2020/01/14 v7.00d Hyperref: PDF Unicode definition (HO)
Now handling font encoding PU ...
... no UTF-8 mapping file for font encoding PU
)
(/usr/share/texlive/texmf-dist/tex/latex/caption/caption.sty
Package: caption 2020/01/03 v3.4h Customizing captions (AR)

(/usr/share/texlive/texmf-dist/tex/latex/caption/caption3.sty
Package: caption3 2020/01/03 v1.8h caption3 kernel (AR)
Package caption3 Info: TeX engine: e-TeX on input line 61.
\captionmargin=\dimen195
\captionmargin@=\dimen196
\captionwidth=\dimen197
\caption@tempdima=\dimen198
\caption@indent=\dimen199
\caption@parindent=\dimen256
\caption@hangindent=\dimen257
Package caption Info: Standard document class detected.
)
\c@caption@flags=\count299
\c@continuedfloat=\count300
Package caption Info: float package is loaded.
Package caption Info: hyperref package is loaded.
Package caption Info: longtable package is loaded.

(/usr/share/texlive/texmf-dist/tex/latex/caption/ltcaption.sty
Package: ltcaption 2018/08/26 v1.4a longtable captions (AR)
))
(/usr/share/texlive/texmf-dist/tex/latex/etoc/etoc.sty
Package: etoc 2019/11/17 v1.09b Completely customisable TOCs (JFB)
\Etoc@toctoks=\toks32
\c@etoc@tocid=\count301
\c@etoc@tocdepth=\count302
\etoc@framed@titlebox=\box112
\etoc@framed@contentsbox=\box113
)
(/usr/share/texlive/texmf-dist/tex/latex/l3backend/l3backend-pdfmode.def
File: l3backend-pdfmode.def 2020-02-03 L3 backend support: PDF mode
\l__kernel_color_stack_int=\count303
\l__pdf_internal_box=\box114
)
(./refman.aux)
\openout1 = `refman.aux'.

LaTeX Font Info:    Checking defaults for OML/cmm/m/it on input line 150.
LaTeX Font Info:    ... okay on input line 150.
LaTeX Font Info:    Checking defaults for OMS/cmsy/m/n on input line 150.
LaTeX Font Info:    ... okay on input line 150.
LaTeX Font Info:    Checking defaults for OT1/cmr/m/n on input line 150.
LaTeX Font Info:    ... okay on input line 150.
LaTeX Font Info:    Checking defaults for T1/cmr/m/n on input line 150.
LaTeX Font Info:    ... okay on input line 150.
LaTeX Font Info:    Checking defaults for TS1/cmr/m/n on input line 150.
LaTeX Font Info:    ... okay on input line 150.
LaTeX Font Info:    Checking defaults for OMX/cmex/m/n on input line 150.
LaTeX Font Info:    ... okay on input line 150.
LaTeX Font Info:    Checking defaults for U/cmr/m/n on input line 150.
LaTeX Font Info:    ... okay on input line 150.
LaTeX Font Info:    Checking defaults for PD1/pdf/m/n on input line 150.
LaTeX Font Info:    ... okay on input line 150.
LaTeX Font Info:    Checking defaults for PU/pdf/m/n on input line 150.
LaTeX Font Info:    ... okay on input line 150.
LaTeX Font Info:    Trying to load font information for T1+phv on input line 15
0.
 (/usr/share/texlive/texmf-dist/tex/latex/psnfss/t1phv.fd
File: t1phv.fd 2001/06/04 scalable font definitions for T1/phv.
)
LaTeX Font Info:    Font shape `T1/phv/m/n' will be
(Font)              scaled to size 8.99994pt on input line 150.

(/usr/share/texlive/texmf-dist/tex/context/base/mkii/supp-pdf.mkii
[Loading MPS to PDF converter (version 2006.09.02).]
\scratchcounter=\count304
\scratchdimen=\dimen258
\scratchbox=\box115
\nofMPsegments=\count305
\nofMParguments=\count306
\everyMPshowfont=\toks33
\MPscratchCnt=\count307
\MPscratchDim=\dimen259
\MPnumerator=\count308
\makeMPintoPDFobject=\count309
\everyMPtoPDFconversion=\toks34
) (/usr/share/texlive/texmf-dist/tex/latex/epstopdf-pkg/epstopdf-base.sty
Package: epstopdf-base 2020-01-24 v2.11 Base part for package epstopdf
Package epstopdf-base Info: Redefining graphics rule for `.eps' on input line 4
85.

(/usr/share/texlive/texmf-dist/tex/latex/latexconfig/epstopdf-sys.cfg
File: epstopdf-sys.cfg 2010/07/13 v1.3 Configuration of (r)epstopdf for TeX Liv
e
))
*geometry* driver: auto-detecting
*geometry* detected driver: pdftex
*geometry* verbose mode - [ preamble ] result:
* driver: pdftex
* paper: a4paper
* layout: <same size as paper>
* layoutoffset:(h,v)=(0.0pt,0.0pt)
* modes: twoside 
* h-part:(L,W,R)=(71.13188pt, 455.24411pt, 71.13188pt)
* v-part:(T,H,B)=(71.13188pt, 702.78308pt, 71.13188pt)
* \paperwidth=597.50787pt
* \paperheight=845.04684pt
* \textwidth=455.24411pt
* \textheight=702.78308pt
* \oddsidemargin=-1.1381pt
* \evensidemargin=-1.1381pt
* \topmargin=-31.2056pt
* \headheight=12.0pt
* \headsep=18.06749pt
* \topskip=10.0pt
* \footskip=25.29494pt
* \marginparwidth=125.0pt
* \marginparsep=7.0pt
* \columnsep=10.0pt
* \skip\footins=9.0pt plus 4.0pt minus 2.0pt
* \hoffset=0.0pt
* \voffset=0.0pt
* \mag=1000
* \@twocolumnfalse
* \@twosidetrue
* \@mparswitchtrue
* \@reversemarginfalse
* (1in=72.27pt=25.4mm, 1cm=28.453pt)

Package backref Info: ** backref set up for natbib ** on input line 150.
\AtBeginShipoutBox=\box116
Package hyperref Info: Link coloring ON on input line 150.
(/usr/share/texlive/texmf-dist/tex/latex/hyperref/nameref.sty
Package: nameref 2019/09/16 v2.46 Cross-referencing by name of section

(/usr/share/texlive/texmf-dist/tex/latex/refcount/refcount.sty
Package: refcount 2019/12/15 v3.6 Data extraction from label references (HO)
)
(/usr/share/texlive/texmf-dist/tex/generic/gettitlestring/gettitlestring.sty
Package: gettitlestring 2019/12/15 v1.6 Cleanup title references (HO)
)
\c@section@level=\count310
)
LaTeX Info: Redefining \ref on input line 150.
LaTeX Info: Redefining \pageref on input line 150.
LaTeX Info: Redefining \nameref on input line 150.

(./refman.out) (./refman.out)
\@outlinefile=\write5
\openout5 = `refman.out'.

Package caption Info: Begin \AtBeginDocument code.
Package caption Info: End \AtBeginDocument code.
\Etoc@tf=\read4
Package hyperref Info: Option `pageanchor' set `false' on input line 156.
Package hyperref Info: Option `bookmarksnumbered' set `true' on input line 156.

Package hyperref Info: Option `unicode' set `true' on input line 156.
LaTeX Font Info:    Font shape `T1/phv/m/n' will be
(Font)              scaled to size 12.9599pt on input line 161.
LaTeX Font Info:    Font shape `T1/phv/m/n' will be
(Font)              scaled to size 10.79993pt on input line 161.
LaTeX Font Info:    Font shape `T1/phv/m/n' will be
(Font)              scaled to size 6.29996pt on input line 161.
LaTeX Font Info:    Trying to load font information for U+msa on input line 161
.

(/usr/share/texlive/texmf-dist/tex/latex/amsfonts/umsa.fd
File: umsa.fd 2013/01/14 v3.01 AMS symbols A
)
LaTeX Font Info:    Trying to load font information for U+msb on input line 161
.

(/usr/share/texlive/texmf-dist/tex/latex/amsfonts/umsb.fd
File: umsb.fd 2013/01/14 v3.01 AMS symbols B
)
LaTeX Font Info:    Trying to load font information for U+wasy on input line 16
1.

(/usr/share/texlive/texmf-dist/tex/latex/wasysym/uwasy.fd
File: uwasy.fd 2020/01/19 v2.4 Wasy-2 symbol font definitions
) [1


{/var/lib/texmf/fonts/map/pdftex/updmap/pdftex.map}] [2

]
\tf@toc=\write6
\openout6 = `refman.toc'.

LaTeX Font Info:    Font shape `T1/phv/b/n' will be
(Font)              scaled to size 8.99994pt on input line 169.
LaTeX Font Info:    Font shape `T1/phv/b/n' will be
(Font)              scaled to size 6.29996pt on input line 169.
 [1] [2] [3] [4] [5] [6] [7] [8] [9]
[10] [11] [12]
Package hyperref Info: Option `pageanchor' set `true' on input line 171.

Chapter 1.
LaTeX Font Info:    Font shape `T1/phv/m/n' will be
(Font)              scaled to size 18.66588pt on input line 174.
LaTeX Font Info:    Font shape `T1/phv/b/n' will be
(Font)              scaled to size 18.66588pt on input line 174.
LaTeX Font Info:    Font shape `T1/phv/bc/n' will be
(Font)              scaled to size 18.66588pt on input line 174.
LaTeX Font Info:    Font shape `T1/phv/m/n' will be
(Font)              scaled to size 22.39185pt on input line 174.
LaTeX Font Info:    Font shape `T1/phv/b/n' will be
(Font)              scaled to size 22.39185pt on input line 174.
LaTeX Font Info:    Font shape `T1/phv/bc/n' will be
(Font)              scaled to size 22.39185pt on input line 174.
(./index.tex
LaTeX Font Info:    Font shape `T1/phv/b/n' will be
(Font)              scaled to size 12.9599pt on input line 1.
LaTeX Font Info:    Font shape `T1/phv/b/n' will be
(Font)              scaled to size 10.79993pt on input line 3.
) [1


] [2

]
Chapter 2.
(./todo.tex
Underfull \hbox (badness 10000) in paragraph at lines 3--3
[]\T1/phv/b/n/10 Member [] ([]
 []

) [3] [4

]
Chapter 3.
(./namespaces.tex) [5] [6

]
Chapter 4.
(./hierarchy.tex) [7] [8

]
Chapter 5.
(./annotated.tex) [9] [10

]
Chapter 6.
(./files.tex) [11] [12

]
Chapter 7.
(./namespaceEthercatCommunication.tex
LaTeX Font Info:    Trying to load font information for TS1+phv on input line 1
1.

(/usr/share/texlive/texmf-dist/tex/latex/psnfss/ts1phv.fd
File: ts1phv.fd 2001/06/04 scalable font definitions for TS1/phv.
)
LaTeX Font Info:    Font shape `TS1/phv/m/n' will be
(Font)              scaled to size 8.99994pt on input line 11.
)
(./namespaceEthercatLifeCycleNode.tex) [13] [14

]
Chapter 8.
(./structController.tex
LaTeX Font Info:    Trying to load font information for T1+pcr on input line 10
.

(/usr/share/texlive/texmf-dist/tex/latex/psnfss/t1pcr.fd
File: t1pcr.fd 2001/06/04 font definitions for T1/pcr.
)
LaTeX Font Info:    Font shape `T1/phv/m/n' will be
(Font)              scaled to size 7.19995pt on input line 59.
 [15] [16])
(./structCSPositionModeParam.tex [17] [18] [19]) (./structCSTorqueModeParam.tex
[20] [21]) (./structCSVelocityModeParam.tex [22] [23] [24])
(./classEthercatLifeCycleNode_1_1EthercatLifeCycle.tex <./classEthercatLifeCycl
eNode_1_1EthercatLifeCycle__inherit__graph.pdf

pdfTeX warning: pdflatex (file ./classEthercatLifeCycleNode_1_1EthercatLifeCycl
e__inherit__graph.pdf): PDF inclusion: multiple pdfs with page group included i
n a single page
>
<classEthercatLifeCycleNode_1_1EthercatLifeCycle__inherit__graph.pdf, id=2757, 
208.78pt x 167.62625pt>
File: classEthercatLifeCycleNode_1_1EthercatLifeCycle__inherit__graph.pdf Graph
ic file (type pdf)
<use classEthercatLifeCycleNode_1_1EthercatLifeCycle__inherit__graph.pdf>
Package pdftex.def Info: classEthercatLifeCycleNode_1_1EthercatLifeCycle__inher
it__graph.pdf  used on input line 13.
(pdftex.def)             Requested size: 208.0pt x 167.0094pt.
 <./classEthercatLifeCycleNode_1_1EthercatLifeCycle__coll__graph.pdf

pdfTeX warning: pdflatex (file ./classEthercatLifeCycleNode_1_1EthercatLifeCycl
e__coll__graph.pdf): PDF inclusion: multiple pdfs with page group included in a
 single page
>
<classEthercatLifeCycleNode_1_1EthercatLifeCycle__coll__graph.pdf, id=2765, 341
.275pt x 178.6675pt>
File: classEthercatLifeCycleNode_1_1EthercatLifeCycle__coll__graph.pdf Graphic 
file (type pdf)
<use classEthercatLifeCycleNode_1_1EthercatLifeCycle__coll__graph.pdf>
Package pdftex.def Info: classEthercatLifeCycleNode_1_1EthercatLifeCycle__coll_
_graph.pdf  used on input line 22.
(pdftex.def)             Requested size: 340.0pt x 178.01003pt.
 [25]
LaTeX Font Info:    Font shape `T1/phv/m/n' will be
(Font)              scaled to size 8.09995pt on input line 41.
LaTeX Font Info:    Font shape `T1/phv/m/it' in size <9> not available
(Font)              Font shape `T1/phv/m/sl' tried instead on input line 41.
LaTeX Font Info:    Font shape `T1/phv/m/sl' will be
(Font)              scaled to size 8.09995pt on input line 41.
LaTeX Font Info:    Font shape `TS1/phv/m/it' in size <9> not available
(Font)              Font shape `TS1/phv/m/sl' tried instead on input line 41.
LaTeX Font Info:    Font shape `TS1/phv/m/sl' will be
(Font)              scaled to size 8.09995pt on input line 41.
LaTeX Font Info:    Font shape `T1/phv/m/it' in size <7> not available
(Font)              Font shape `T1/phv/m/sl' tried instead on input line 41.
LaTeX Font Info:    Font shape `T1/phv/m/sl' will be
(Font)              scaled to size 6.29996pt on input line 41.
LaTeX Font Info:    Font shape `T1/pcr/m/it' in size <9> not available
(Font)              Font shape `T1/pcr/m/sl' tried instead on input line 41.
LaTeX Font Info:    Font shape `T1/pcr/m/it' in size <7> not available
(Font)              Font shape `T1/pcr/m/sl' tried instead on input line 41.
 [26] [27]
LaTeX Font Info:    Font shape `T1/phv/bc/n' will be
(Font)              scaled to size 8.99994pt on input line 184.

Underfull \hbox (badness 10000) detected at line 184
[][][]
 []


Underfull \hbox (badness 10000) detected at line 187
[][][]
 []

LaTeX Font Info:    Font shape `T1/pcr/m/it' in size <8> not available
(Font)              Font shape `T1/pcr/m/sl' tried instead on input line 194.
[28]
Underfull \hbox (badness 10000) detected at line 220
[][][]
 []


Underfull \hbox (badness 10000) detected at line 233
[][][]
 []


Underfull \hbox (badness 10000) detected at line 246
[][][]
 []

[29]
Underfull \hbox (badness 10000) detected at line 259
[][][]
 []


Underfull \hbox (badness 10000) detected at line 262
[][][]
 []


Underfull \hbox (badness 10000) detected at line 275
[][][]
 []


Underfull \hbox (badness 10000) detected at line 288
[][][]
 []

[30]
Underfull \hbox (badness 10000) detected at line 301
[][][]
 []


Underfull \hbox (badness 10000) detected at line 319
[][][]
 []

[31]
Underfull \hbox (badness 10000) detected at line 332
[][][]
 []


Underfull \hbox (badness 10000) detected at line 355
[][][]
 []


Underfull \hbox (badness 10000) detected at line 368
[][][]
 []


Overfull \vbox (9.13234pt too high) has occurred while \output is active []


[32]
Underfull \hbox (badness 10000) detected at line 386
[][][]
 []

[33] [34]
Underfull \hbox (badness 10000) in paragraph at lines 538--539
\T1/pcr/m/n/8 rclcpp[]::[]Subscription$\OML/cmm/m/it/8 <$\T1/pcr/m/n/8 std[]_[]
msgs[]::msg[]::[]U[]Int8$\OML/cmm/m/it/8 >$[]\T1/pcr/m/n/8 ::Shared[]Ptr Etherc
at[]Life[]Cycle[]Node[]::[]Ethercat[]Life[]
 []


Underfull \hbox (badness 10000) in paragraph at lines 544--545
\T1/pcr/m/n/8 rclcpp[]::[]Subscription$\OML/cmm/m/it/8 <$\T1/pcr/m/n/8 sensor[]
_[]msgs[]::msg[]::[]Joy$\OML/cmm/m/it/8 >$[]\T1/pcr/m/n/8 ::Shared[]Ptr Etherca
t[]Life[]Cycle[]Node[]::[]Ethercat[]Life[]
 []


Underfull \hbox (badness 10000) in paragraph at lines 560--561
\T1/pcr/m/n/8 rclcpp[]::memory[]_[]strategy[]::[]Memory[]Strategy[]::[]Shared[]
Ptr Ethercat[]Life[]Cycle[]Node[]::[]Ethercat[]Life[]Cycle[]
 []

[35]
Overfull \hbox (18.89209pt too wide) in paragraph at lines 572--573
\T1/pcr/m/n/8 uint32[]_[]t Ethercat[]Life[]Cycle[]Node[]::[]Ethercat[]Life[]Cyc
le[]::motor[]_[]state[]_[][][][] [private] 
 []


Underfull \hbox (badness 10000) in paragraph at lines 584--585
\T1/pcr/m/n/8 Lifecycle[]Publisher$\OML/cmm/m/it/8 <$\T1/pcr/m/n/8 ecat[]_[]msg
s[]::msg[]::[]Data[]Received$\OML/cmm/m/it/8 >$[]\T1/pcr/m/n/8 ::Shared[]Ptr Et
hercat[]Life[]Cycle[]Node[]::[]Ethercat[]
 []


Underfull \hbox (badness 10000) in paragraph at lines 600--601
\T1/pcr/m/n/8 Lifecycle[]Publisher$\OML/cmm/m/it/8 <$\T1/pcr/m/n/8 ecat[]_[]msg
s[]::msg[]::[]Data[]Sent$\OML/cmm/m/it/8 >$[]\T1/pcr/m/n/8 ::Shared[]Ptr Etherc
at[]Life[]Cycle[]Node[]::[]Ethercat[]Life[]
 []

[36]) (./classEthercatCommunication_1_1EthercatNode.tex <./classEthercatCommuni
cation_1_1EthercatNode__coll__graph.pdf

pdfTeX warning: pdflatex (file ./classEthercatCommunication_1_1EthercatNode__co
ll__graph.pdf): PDF inclusion: multiple pdfs with page group included in a sing
le page
>
<classEthercatCommunication_1_1EthercatNode__coll__graph.pdf, id=2955, 615.2987
5pt x 245.91875pt>
File: classEthercatCommunication_1_1EthercatNode__coll__graph.pdf Graphic file 
(type pdf)
<use classEthercatCommunication_1_1EthercatNode__coll__graph.pdf>
Package pdftex.def Info: classEthercatCommunication_1_1EthercatNode__coll__grap
h.pdf  used on input line 13.
(pdftex.def)             Requested size: 350.0pt x 139.8862pt.
 [37] [38]
Underfull \hbox (badness 10000) detected at line 113
[][][]
 []


Underfull \hbox (badness 10000) detected at line 118
[][][]
 []

[39]
Underfull \hbox (badness 10000) detected at line 141
[][][]
 []


Underfull \hbox (badness 10000) detected at line 144
[][][]
 []

[40]
Underfull \hbox (badness 10000) detected at line 172
[][][]
 []


Underfull \hbox (badness 10000) detected at line 200
[][][]
 []


Underfull \hbox (badness 10000) detected at line 203
[][][]
 []


Underfull \hbox (badness 10000) detected at line 216
[][][]
 []

[41]
Underfull \hbox (badness 10000) detected at line 259
[][][]
 []


Underfull \hbox (badness 10000) detected at line 272
[][][]
 []

[42]
Underfull \hbox (badness 10000) detected at line 282
[][][]
 []


Underfull \hbox (badness 10000) detected at line 295
[][][]
 []


Underfull \hbox (badness 10000) detected at line 298
[][][]
 []


Underfull \hbox (badness 10000) detected at line 301
[][][]
 []


Underfull \hbox (badness 10000) detected at line 304
[][][]
 []


Underfull \hbox (badness 10000) detected at line 317
[][][]
 []


Underfull \hbox (badness 10000) detected at line 330
[][][]
 []

[43]
Underfull \vbox (badness 10000) has occurred while \output is active []

 [44]
Underfull \hbox (badness 10000) detected at line 377
[][][]
 []


Underfull \hbox (badness 10000) detected at line 390
[][][]
 []


Underfull \hbox (badness 10000) detected at line 410
[][][]
 []


Underfull \vbox (badness 10000) has occurred while \output is active []

 [45]
Underfull \hbox (badness 10000) detected at line 428
[][][]
 []


Underfull \hbox (badness 10000) detected at line 448
[][][]
 []


Underfull \hbox (badness 10000) detected at line 466
[][][]
 []

[46]
Underfull \hbox (badness 10000) detected at line 481
[][][]
 []


Underfull \hbox (badness 10000) detected at line 494
[][][]
 []

) (./classEthercatSlave.tex <./classEthercatSlave__coll__graph.pdf

pdfTeX warning: pdflatex (file ./classEthercatSlave__coll__graph.pdf): PDF incl
usion: multiple pdfs with page group included in a single page
>
<classEthercatSlave__coll__graph.pdf, id=3110, 615.29875pt x 167.62625pt>
File: classEthercatSlave__coll__graph.pdf Graphic file (type pdf)
<use classEthercatSlave__coll__graph.pdf>
Package pdftex.def Info: classEthercatSlave__coll__graph.pdf  used on input lin
e 13.
(pdftex.def)             Requested size: 350.0pt x 95.351pt.
 [47] [48]
Underfull \hbox (badness 10000) detected at line 81
[][][]
 []


Underfull \hbox (badness 10000) detected at line 84
[][][]
 []

[49] [50]) (./structHomingParam.tex
Underfull \hbox (badness 10000) in paragraph at lines 30--31

 []

[51]
Underfull \hbox (badness 10000) in paragraph at lines 58--59

 []

) (./structOffsetPDO.tex [52] [53] [54] [55]) (./structProfilePosParam.tex
[56] [57]) (./structProfileVelocityParam.tex [58]) (./structReceivedData.tex
[59] [60] [61]) (./structSdoRequest.tex [62] [63]) (./classTiming.tex [64]
[65]) [66]
Chapter 9.
(./CMakeLists_8txt.tex
Underfull \hbox (badness 1092) in paragraph at lines 8--9
\T1/phv/m/n/10 _[]lifecycle R[]E[]Q[]U[]I[]R[]ED) find[]_[]package(rttest) find
[]_[]package(tlsf[]_[]cpp) find[]_[]package(ecat[]_[]msgs R[]E[]Q[]U[]I[]R[]
 []

) (./ecat__globals_8hpp.tex [67

] <./ecat__globals_8hpp__incl.pdf

pdfTeX warning: pdflatex (file ./ecat__globals_8hpp__incl.pdf): PDF inclusion: 
multiple pdfs with page group included in a single page
>
<ecat__globals_8hpp__incl.pdf, id=3452, 1730.465pt x 178.6675pt>
File: ecat__globals_8hpp__incl.pdf Graphic file (type pdf)
<use ecat__globals_8hpp__incl.pdf>
Package pdftex.def Info: ecat__globals_8hpp__incl.pdf  used on input line 28.
(pdftex.def)             Requested size: 350.0pt x 36.13634pt.
 <./ecat__globals_8hpp__dep__incl.pdf

pdfTeX warning: pdflatex (file ./ecat__globals_8hpp__dep__incl.pdf): PDF inclus
ion: multiple pdfs with page group included in a single page
>
<ecat__globals_8hpp__dep__incl.pdf, id=3460, 507.8975pt x 435.6275pt>
File: ecat__globals_8hpp__dep__incl.pdf Graphic file (type pdf)
<use ecat__globals_8hpp__dep__incl.pdf>
Package pdftex.def Info: ecat__globals_8hpp__dep__incl.pdf  used on input line 
35.
(pdftex.def)             Requested size: 350.0pt x 300.2044pt.
 [68] [69]
Overfull \hbox (111.70497pt too wide) in paragraph at lines 149--160
[] \T1/phv/m/n/10 =0, [] =1, [] =0, []
 []


Overfull \hbox (36.09546pt too wide) in paragraph at lines 149--160
[] \T1/phv/m/n/10 =512, [] =768, []
 []

[70] [71] [72] [73]
Underfull \hbox (badness 10000) detected at line 382
[][][]
 []


Underfull \hbox (badness 10000) detected at line 2
[][][]
 []

[74] [75]
Underfull \hbox (badness 10000) detected at line 582
[][][]
 []

[76]
Underfull \hbox (badness 10000) detected at line 639
[][][]
 []

[77]) (./ecat__lifecycle_8hpp.tex <./ecat__lifecycle_8hpp__incl.pdf

pdfTeX warning: pdflatex (file ./ecat__lifecycle_8hpp__incl.pdf): PDF inclusion
: multiple pdfs with page group included in a single page
>
<ecat__lifecycle_8hpp__incl.pdf, id=3729, 2810.5pt x 358.33875pt>
File: ecat__lifecycle_8hpp__incl.pdf Graphic file (type pdf)
<use ecat__lifecycle_8hpp__incl.pdf>
Package pdftex.def Info: ecat__lifecycle_8hpp__incl.pdf  used on input line 18.

(pdftex.def)             Requested size: 350.0pt x 44.62273pt.
 [78] <./ecat__lifecycle_8hpp__dep__incl.pdf

pdfTeX warning: pdflatex (file ./ecat__lifecycle_8hpp__dep__incl.pdf): PDF incl
usion: multiple pdfs with page group included in a single page
>
<ecat__lifecycle_8hpp__dep__incl.pdf, id=3741, 413.545pt x 200.75pt>
File: ecat__lifecycle_8hpp__dep__incl.pdf Graphic file (type pdf)
<use ecat__lifecycle_8hpp__dep__incl.pdf>
Package pdftex.def Info: ecat__lifecycle_8hpp__dep__incl.pdf  used on input lin
e 25.
(pdftex.def)             Requested size: 350.0pt x 169.90619pt.
 [79]) (./ecat__node_8hpp.tex <./ecat__node_8hpp__incl.pdf>
<ecat__node_8hpp__incl.pdf, id=3760, 1730.465pt x 291.0875pt>
File: ecat__node_8hpp__incl.pdf Graphic file (type pdf)
<use ecat__node_8hpp__incl.pdf>
Package pdftex.def Info: ecat__node_8hpp__incl.pdf  used on input line 11.
(pdftex.def)             Requested size: 350.0pt x 58.87383pt.
 <./ecat__node_8hpp__dep__incl.pdf

pdfTeX warning: pdflatex (file ./ecat__node_8hpp__dep__incl.pdf): PDF inclusion
: multiple pdfs with page group included in a single page
>
<ecat__node_8hpp__dep__incl.pdf, id=3768, 507.8975pt x 279.0425pt>
File: ecat__node_8hpp__dep__incl.pdf Graphic file (type pdf)
<use ecat__node_8hpp__dep__incl.pdf>
Package pdftex.def Info: ecat__node_8hpp__dep__incl.pdf  used on input line 18.

(pdftex.def)             Requested size: 350.0pt x 192.29683pt.
 [80]) (./ecat__slave_8hpp.tex <./ecat__slave_8hpp__incl.pdf>
<ecat__slave_8hpp__incl.pdf, id=3788, 1730.465pt x 234.8775pt>
File: ecat__slave_8hpp__incl.pdf Graphic file (type pdf)
<use ecat__slave_8hpp__incl.pdf>
Package pdftex.def Info: ecat__slave_8hpp__incl.pdf  used on input line 8.
(pdftex.def)             Requested size: 350.0pt x 47.50508pt.
 <./ecat__slave_8hpp__dep__incl.pdf

pdfTeX warning: pdflatex (file ./ecat__slave_8hpp__dep__incl.pdf): PDF inclusio
n: multiple pdfs with page group included in a single page
>
<ecat__slave_8hpp__dep__incl.pdf, id=3796, 573.14125pt x 357.335pt>
File: ecat__slave_8hpp__dep__incl.pdf Graphic file (type pdf)
<use ecat__slave_8hpp__dep__incl.pdf>
Package pdftex.def Info: ecat__slave_8hpp__dep__incl.pdf  used on input line 15
.
(pdftex.def)             Requested size: 350.0pt x 218.21393pt.
 [81]) (./object__dictionary_8hpp.tex <./object__dictionary_8hpp__dep__incl.pdf
>
<object__dictionary_8hpp__dep__incl.pdf, id=3815, 507.8975pt x 513.92pt>
File: object__dictionary_8hpp__dep__incl.pdf Graphic file (type pdf)
<use object__dictionary_8hpp__dep__incl.pdf>
Package pdftex.def Info: object__dictionary_8hpp__dep__incl.pdf  used on input 
line 7.
(pdftex.def)             Requested size: 350.0pt x 354.15819pt.

Underfull \vbox (badness 10000) has occurred while \output is active []

 [82]
[83] [84] [85] [86] [87] [88] [89] [90] [91] [92] [93] [94] [95] [96] [97])
(./timing_8hpp.tex <./timing_8hpp__incl.pdf

pdfTeX warning: pdflatex (file ./timing_8hpp__incl.pdf): PDF inclusion: multipl
e pdfs with page group included in a single page
>
<timing_8hpp__incl.pdf, id=4099, 759.83875pt x 178.6675pt>
File: timing_8hpp__incl.pdf Graphic file (type pdf)
<use timing_8hpp__incl.pdf>
Package pdftex.def Info: timing_8hpp__incl.pdf  used on input line 17.
(pdftex.def)             Requested size: 350.0pt x 82.29982pt.
 <./timing_8hpp__dep__incl.pdf

pdfTeX warning: pdflatex (file ./timing_8hpp__dep__incl.pdf): PDF inclusion: mu
ltiple pdfs with page group included in a single page
>
<timing_8hpp__dep__incl.pdf, id=4107, 519.9425pt x 279.0425pt>
File: timing_8hpp__dep__incl.pdf Graphic file (type pdf)
<use timing_8hpp__dep__incl.pdf>
Package pdftex.def Info: timing_8hpp__dep__incl.pdf  used on input line 24.
(pdftex.def)             Requested size: 350.0pt x 187.83887pt.
 [98]) (./ecat__lifecycle_8cpp.tex <./ecat__lifecycle_8cpp__incl.pdf>
<ecat__lifecycle_8cpp__incl.pdf, id=4123, 2810.5pt x 414.54875pt>
File: ecat__lifecycle_8cpp__incl.pdf Graphic file (type pdf)
<use ecat__lifecycle_8cpp__incl.pdf>
Package pdftex.def Info: ecat__lifecycle_8cpp__incl.pdf  used on input line 8.
(pdftex.def)             Requested size: 350.0pt x 51.62238pt.
)
(./ecat__node_8cpp.tex <./ecat__node_8cpp__incl.pdf

pdfTeX warning: pdflatex (file ./ecat__node_8cpp__incl.pdf): PDF inclusion: mul
tiple pdfs with page group included in a single page
>
<ecat__node_8cpp__incl.pdf, id=4131, 1730.465pt x 347.2975pt>
File: ecat__node_8cpp__incl.pdf Graphic file (type pdf)
<use ecat__node_8cpp__incl.pdf>
Package pdftex.def Info: ecat__node_8cpp__incl.pdf  used on input line 8.
(pdftex.def)             Requested size: 350.0pt x 70.24257pt.
 [99] [100]) (./ecat__slave_8cpp.tex <./ecat__slave_8cpp__incl.pdf>
<ecat__slave_8cpp__incl.pdf, id=4168, 1730.465pt x 291.0875pt>
File: ecat__slave_8cpp__incl.pdf Graphic file (type pdf)
<use ecat__slave_8cpp__incl.pdf>
Package pdftex.def Info: ecat__slave_8cpp__incl.pdf  used on input line 8.
(pdftex.def)             Requested size: 350.0pt x 58.87383pt.
)
(./main_8cpp.tex <./main_8cpp__incl.pdf

pdfTeX warning: pdflatex (file ./main_8cpp__incl.pdf): PDF inclusion: multiple 
pdfs with page group included in a single page
>
<main_8cpp__incl.pdf, id=4176, 2358.8125pt x 403.5075pt>
File: main_8cpp__incl.pdf Graphic file (type pdf)
<use main_8cpp__incl.pdf>
Package pdftex.def Info: main_8cpp__incl.pdf  used on input line 10.
(pdftex.def)             Requested size: 350.0pt x 59.87086pt.
 [101]) (./timing_8cpp.tex <./timing_8cpp__incl.pdf>
<timing_8cpp__incl.pdf, id=4196, 759.83875pt x 223.83624pt>
File: timing_8cpp__incl.pdf Graphic file (type pdf)
<use timing_8cpp__incl.pdf>
Package pdftex.def Info: timing_8cpp__incl.pdf  used on input line 8.
(pdftex.def)             Requested size: 350.0pt x 103.10594pt.
) [102] [103] [104

]
(./refman.ind
Overfull \hbox (17.74562pt too wide) in paragraph at lines 3--5
[]\T1/phv/m/n/10 /home/veysiadn/spinerobot_ws/src/ecat_pkg/CMakeLists.txt,
 []


Overfull \hbox (96.98898pt too wide) in paragraph at lines 5--7
[]\T1/phv/m/n/10 /home/veysiadn/spinerobot_ws/src/ecat_pkg/include/ecat_pkg/eca
t_globals.hpp,
 []


Overfull \hbox (100.21101pt too wide) in paragraph at lines 7--9
[]\T1/phv/m/n/10 /home/veysiadn/spinerobot_ws/src/ecat_pkg/include/ecat_pkg/eca
t_lifecycle.hpp,
 []


Overfull \hbox (88.4931pt too wide) in paragraph at lines 9--11
[]\T1/phv/m/n/10 /home/veysiadn/spinerobot_ws/src/ecat_pkg/include/ecat_pkg/eca
t_node.hpp,
 []


Overfull \hbox (89.07822pt too wide) in paragraph at lines 11--13
[]\T1/phv/m/n/10 /home/veysiadn/spinerobot_ws/src/ecat_pkg/include/ecat_pkg/eca
t_slave.hpp,
 []


Overfull \hbox (113.49448pt too wide) in paragraph at lines 13--15
[]\T1/phv/m/n/10 /home/veysiadn/spinerobot_ws/src/ecat_pkg/include/ecat_pkg/obj
ect_dictionary.hpp,
 []


Overfull \hbox (70.60133pt too wide) in paragraph at lines 15--17
[]\T1/phv/m/n/10 /home/veysiadn/spinerobot_ws/src/ecat_pkg/include/ecat_pkg/tim
ing.hpp,
 []


Overfull \hbox (44.16919pt too wide) in paragraph at lines 17--19
[]\T1/phv/m/n/10 /home/veysiadn/spinerobot_ws/src/ecat_pkg/src/ecat_lifecycle.c
pp,
 []


Overfull \hbox (32.45128pt too wide) in paragraph at lines 19--21
[]\T1/phv/m/n/10 /home/veysiadn/spinerobot_ws/src/ecat_pkg/src/ecat_node.cpp,
 []


Overfull \hbox (33.03639pt too wide) in paragraph at lines 21--23
[]\T1/phv/m/n/10 /home/veysiadn/spinerobot_ws/src/ecat_pkg/src/ecat_slave.cpp,
 []

[105


]
Underfull \hbox (badness 10000) in paragraph at lines 229--231
[]| \T1/phv/m/n/10 kSen-sor2TypeAnalogIncrementalEncoderSinCos,
 []

[106] [107] [108] [109]
Underfull \hbox (badness 10000) in paragraph at lines 715--716
[]| \T1/phv/m/n/10 OD_MOTOR_DATA_NUMBER_OF_POLE_PAIRS,
 []


Underfull \hbox (badness 10000) in paragraph at lines 716--717
[]| \T1/phv/m/n/10 OD_MOTOR_DATA_OUTPUT_CURRENT_LIMIT,
 []


Overfull \hbox (56.58304pt too wide) in paragraph at lines 717--719
[]| \T1/phv/m/n/10 OD_MOTOR_DATA_THERMAL_TIME_CONSTANT_WINDINGS,
 []

[110] [111]
Overfull \hbox (34.08115pt too wide) in paragraph at lines 849--850
[]\T1/phv/m/n/10 OD_MOTOR_DATA_THERMAL_TIME_CONSTANT_WINDINGS 
 []

[112] [113] [114] [115] [116

])
Package atveryend Info: Empty hook `BeforeClearDocument' on input line 229.
Package atveryend Info: Empty hook `AfterLastShipout' on input line 229.
 (./refman.aux)
Package atveryend Info: Executing hook `AtVeryEndDocument' on input line 229.
Package atveryend Info: Executing hook `AtEndAfterFileList' on input line 229.
Package rerunfilecheck Info: File `refman.out' has not changed.
(rerunfilecheck)             Checksum: BA1121B80DF6BF566705522CF3A58C82;102668.

 ) 
Here is how much of TeX's memory you used:
 18747 strings out of 483107
 321325 string characters out of 5964630
 702413 words of memory out of 5000000
 32259 multiletter control sequences out of 15000+600000
 592192 words of font info for 97 fonts, out of 8000000 for 9000
 59 hyphenation exceptions out of 8191
 55i,16n,96p,1021b,667s stack positions out of 5000i,500n,10000p,200000b,80000s
{/usr/share/texlive/texmf-dist/fonts/enc/dvips/base/8r.enc}</usr/share/texliv
e/texmf-dist/fonts/type1/public/amsfonts/cm/cmmi10.pfb></usr/share/texlive/texm
f-dist/fonts/type1/public/amsfonts/cm/cmmi7.pfb></usr/share/texlive/texmf-dist/
fonts/type1/public/amsfonts/cm/cmmi8.pfb></usr/share/texlive/texmf-dist/fonts/t
ype1/public/amsfonts/cm/cmsy10.pfb></usr/share/texlive/texmf-dist/fonts/type1/p
ublic/amsfonts/cm/cmsy7.pfb></usr/share/texlive/texmf-dist/fonts/type1/public/a
msfonts/cm/cmsy8.pfb></usr/share/texlive/texmf-dist/fonts/type1/urw/courier/ucr
r8a.pfb></usr/share/texlive/texmf-dist/fonts/type1/urw/courier/ucrro8a.pfb></us
r/share/texlive/texmf-dist/fonts/type1/urw/helvetic/uhvb8a.pfb></usr/share/texl
ive/texmf-dist/fonts/type1/urw/helvetic/uhvb8ac.pfb></usr/share/texlive/texmf-d
ist/fonts/type1/urw/helvetic/uhvr8a.pfb></usr/share/texlive/texmf-dist/fonts/ty
pe1/urw/helvetic/uhvro8a.pfb>
Output written on refman.pdf (130 pages, 562408 bytes).
PDF statistics:
 5442 PDF objects out of 6186 (max. 8388607)
 5170 compressed objects within 52 object streams
 1128 named destinations out of 1200 (max. 500000)
 3861 words of extra memory for PDF output out of 10000 (max. 10000000)

